-------------------------------------------------------------------------------
Test set: Runners.TestRunner
-------------------------------------------------------------------------------
Tests run: 1, Failures: 0, Errors: 1, Skipped: 0, Time elapsed: 0.074 s <<< FAILURE! - in Runners.TestRunner
initializationError(Runners.TestRunner)  Time elapsed: 0.005 s  <<< ERROR!
cucumber.runtime.CucumberException: Couldn't load plugin class: com.vimalselvam.cucumber.listener.ExtentCucumberFormatter
Caused by: java.lang.ClassNotFoundException: com.vimalselvam.cucumber.listener.ExtentCucumberFormatter

